<?xml version="1.0" encoding="UTF-8"?>
<!-- Generated by org.testng.reporters.JUnitReportReporter -->
<testsuite hostname="LAPTOP-ICUMAH5U" failures="0" tests="1" name="Framework_Tutorial.errorMessage" time="11.199" errors="0" timestamp="2024-04-01T11:48:46 IST" skipped="0">
  <testcase classname="Framework_Tutorial.errorMessage" name="submitOrder" time="11.199"/>
</testsuite> <!-- Framework_Tutorial.errorMessage -->
