<?xml version="1.0" encoding="UTF-8"?>
<!-- Generated by org.testng.reporters.JUnitReportReporter -->
<testsuite hostname="LAPTOP-ICUMAH5U" failures="0" tests="2" name="Framework_Tutorial.errorMessageTest" time="59.553" errors="0" timestamp="2024-04-25T17:43:11 IST" skipped="1">
  <testcase classname="Framework_Tutorial.errorMessageTest" name="submitOrder" time="19.862"/>
  <testcase classname="Framework_Tutorial.errorMessageTest" name="submitOrder" time="39.691">
    <skipped/>
  </testcase> <!-- submitOrder -->
</testsuite> <!-- Framework_Tutorial.errorMessageTest -->
