<?xml version="1.0" encoding="UTF-8"?>
<!-- Generated by org.testng.reporters.JUnitReportReporter -->
<testsuite hostname="LAPTOP-ICUMAH5U" failures="0" tests="2" name="Framework_Tutorial.errorMessageTest" time="28.870" errors="0" timestamp="2024-04-17T16:35:27 IST" skipped="1">
  <testcase classname="Framework_Tutorial.errorMessageTest" name="submitOrder" time="14.547"/>
  <testcase classname="Framework_Tutorial.errorMessageTest" name="submitOrder" time="14.323">
    <skipped/>
  </testcase> <!-- submitOrder -->
</testsuite> <!-- Framework_Tutorial.errorMessageTest -->
